[2024-05-30 15:05:35,399] INFO [org.hibernate.Version: 44] HHH000412: Hibernate ORM core version 5.5.7.Final
[2024-05-30 15:05:36,135] INFO [org.hibernate.annotations.common.Version: 56] HCANN000001: Hibernate Commons Annotations {5.1.2.Final}
[2024-05-30 15:05:36,317] WARN [org.hibernate.orm.connections.pooling: 72] HHH10001002: Using Hibernate built-in connection pool (not for production use!)
[2024-05-30 15:05:36,322] INFO [org.hibernate.orm.connections.pooling: 115] HHH10001005: using driver [org.postgresql.Driver] at URL [jdbc:postgresql://localhost:5432/postgres]
[2024-05-30 15:05:36,323] INFO [org.hibernate.orm.connections.pooling: 124] HHH10001001: Connection properties: {password=****, user=postgres}
[2024-05-30 15:05:36,324] INFO [org.hibernate.orm.connections.pooling: 129] HHH10001003: Autocommit mode: false
[2024-05-30 15:05:36,326] INFO [org.hibernate.engine.jdbc.connections.internal.DriverManagerConnectionProviderImpl: 274] HHH000115: Hibernate connection pool size: 20 (min=1)
[2024-05-30 15:05:36,636] INFO [org.hibernate.dialect.Dialect: 175] HHH000400: Using dialect: org.hibernate.dialect.PostgreSQL10Dialect
[2024-05-30 15:05:36,708] INFO [org.hibernate.envers.boot.internal.EnversServiceImpl: 88] Envers integration enabled? : true
[2024-05-30 15:05:38,275] INFO [org.hibernate.orm.connections.access: 48] HHH10001501: Connection obtained from JdbcConnectionAccess [org.hibernate.engine.jdbc.env.internal.JdbcEnvironmentInitiator$ConnectionProviderJdbcConnectionAccess@58687fb7] for (non-JTA) DDL execution was not in auto-commit mode; the Connection 'local transaction' will be committed and the Connection will be set into auto-commit mode.
[2024-05-30 15:05:38,314] WARN [org.hibernate.engine.jdbc.spi.SqlExceptionHelper: 230] SQL Warning Code: 0, SQLState: 00000
[2024-05-30 15:05:38,314] WARN [org.hibernate.engine.jdbc.spi.SqlExceptionHelper: 231] удаление распространяется на объект ограничение fkb2u6muqxjvdfbib5u91afawcy в отношении таблица payment
[2024-05-30 15:05:38,319] WARN [org.hibernate.engine.jdbc.spi.SqlExceptionHelper: 230] SQL Warning Code: 0, SQLState: 00000
[2024-05-30 15:05:38,319] WARN [org.hibernate.engine.jdbc.spi.SqlExceptionHelper: 231] ограничение "fkb2u6muqxjvdfbib5u91afawcy" в таблице "payment" не существует, пропускается
[2024-05-30 15:05:38,334] INFO [org.hibernate.orm.connections.access: 48] HHH10001501: Connection obtained from JdbcConnectionAccess [org.hibernate.engine.jdbc.env.internal.JdbcEnvironmentInitiator$ConnectionProviderJdbcConnectionAccess@5b29ab61] for (non-JTA) DDL execution was not in auto-commit mode; the Connection 'local transaction' will be committed and the Connection will be set into auto-commit mode.
[2024-05-30 15:05:38,461] INFO [org.hibernate.engine.transaction.jta.platform.internal.JtaPlatformInitiator: 52] HHH000490: Using JtaPlatform implementation: [org.hibernate.engine.transaction.jta.platform.internal.NoJtaPlatform]
[2024-05-30 15:05:38,910] INFO [org.hibernate.orm.connections.pooling: 502] HHH10001008: Cleaning up connection pool [jdbc:postgresql://localhost:5432/postgres]
[2024-05-30 15:06:19,966] INFO [org.hibernate.Version: 44] HHH000412: Hibernate ORM core version 5.5.7.Final
[2024-05-30 15:06:20,642] INFO [org.hibernate.annotations.common.Version: 56] HCANN000001: Hibernate Commons Annotations {5.1.2.Final}
[2024-05-30 15:06:20,836] WARN [org.hibernate.orm.connections.pooling: 72] HHH10001002: Using Hibernate built-in connection pool (not for production use!)
[2024-05-30 15:06:20,843] INFO [org.hibernate.orm.connections.pooling: 115] HHH10001005: using driver [org.postgresql.Driver] at URL [jdbc:postgresql://localhost:5432/postgres]
[2024-05-30 15:06:20,844] INFO [org.hibernate.orm.connections.pooling: 124] HHH10001001: Connection properties: {password=****, user=postgres}
[2024-05-30 15:06:20,844] INFO [org.hibernate.orm.connections.pooling: 129] HHH10001003: Autocommit mode: false
[2024-05-30 15:06:20,847] INFO [org.hibernate.engine.jdbc.connections.internal.DriverManagerConnectionProviderImpl: 274] HHH000115: Hibernate connection pool size: 20 (min=1)
[2024-05-30 15:06:21,128] INFO [org.hibernate.dialect.Dialect: 175] HHH000400: Using dialect: org.hibernate.dialect.PostgreSQL10Dialect
[2024-05-30 15:06:21,187] INFO [org.hibernate.envers.boot.internal.EnversServiceImpl: 88] Envers integration enabled? : true
[2024-05-30 15:06:22,490] INFO [org.hibernate.orm.connections.access: 48] HHH10001501: Connection obtained from JdbcConnectionAccess [org.hibernate.engine.jdbc.env.internal.JdbcEnvironmentInitiator$ConnectionProviderJdbcConnectionAccess@7d1c164a] for (non-JTA) DDL execution was not in auto-commit mode; the Connection 'local transaction' will be committed and the Connection will be set into auto-commit mode.
[2024-05-30 15:06:22,517] WARN [org.hibernate.engine.jdbc.spi.SqlExceptionHelper: 230] SQL Warning Code: 0, SQLState: 00000
[2024-05-30 15:06:22,518] WARN [org.hibernate.engine.jdbc.spi.SqlExceptionHelper: 231] удаление распространяется на объект ограничение fkb2u6muqxjvdfbib5u91afawcy в отношении таблица payment
[2024-05-30 15:06:22,523] WARN [org.hibernate.engine.jdbc.spi.SqlExceptionHelper: 230] SQL Warning Code: 0, SQLState: 00000
[2024-05-30 15:06:22,524] WARN [org.hibernate.engine.jdbc.spi.SqlExceptionHelper: 231] ограничение "fkb2u6muqxjvdfbib5u91afawcy" в таблице "payment" не существует, пропускается
[2024-05-30 15:06:22,536] INFO [org.hibernate.orm.connections.access: 48] HHH10001501: Connection obtained from JdbcConnectionAccess [org.hibernate.engine.jdbc.env.internal.JdbcEnvironmentInitiator$ConnectionProviderJdbcConnectionAccess@20a24edf] for (non-JTA) DDL execution was not in auto-commit mode; the Connection 'local transaction' will be committed and the Connection will be set into auto-commit mode.
[2024-05-30 15:06:22,650] INFO [org.hibernate.engine.transaction.jta.platform.internal.JtaPlatformInitiator: 52] HHH000490: Using JtaPlatform implementation: [org.hibernate.engine.transaction.jta.platform.internal.NoJtaPlatform]
[2024-05-30 15:06:23,051] INFO [org.hibernate.orm.connections.pooling: 502] HHH10001008: Cleaning up connection pool [jdbc:postgresql://localhost:5432/postgres]
[2024-05-30 15:11:22,285] INFO [org.hibernate.Version: 44] HHH000412: Hibernate ORM core version 5.5.7.Final
[2024-05-30 15:11:22,895] INFO [org.hibernate.annotations.common.Version: 56] HCANN000001: Hibernate Commons Annotations {5.1.2.Final}
[2024-05-30 15:11:23,115] WARN [org.hibernate.orm.connections.pooling: 72] HHH10001002: Using Hibernate built-in connection pool (not for production use!)
[2024-05-30 15:11:23,120] INFO [org.hibernate.orm.connections.pooling: 115] HHH10001005: using driver [org.postgresql.Driver] at URL [jdbc:postgresql://localhost:5432/postgres]
[2024-05-30 15:11:23,120] INFO [org.hibernate.orm.connections.pooling: 124] HHH10001001: Connection properties: {password=****, user=postgres}
[2024-05-30 15:11:23,121] INFO [org.hibernate.orm.connections.pooling: 129] HHH10001003: Autocommit mode: false
[2024-05-30 15:11:23,125] INFO [org.hibernate.engine.jdbc.connections.internal.DriverManagerConnectionProviderImpl: 274] HHH000115: Hibernate connection pool size: 20 (min=1)
[2024-05-30 15:11:23,408] INFO [org.hibernate.dialect.Dialect: 175] HHH000400: Using dialect: org.hibernate.dialect.PostgreSQL10Dialect
[2024-05-30 15:11:23,471] INFO [org.hibernate.envers.boot.internal.EnversServiceImpl: 88] Envers integration enabled? : true
[2024-05-30 15:11:24,781] INFO [org.hibernate.orm.connections.access: 48] HHH10001501: Connection obtained from JdbcConnectionAccess [org.hibernate.engine.jdbc.env.internal.JdbcEnvironmentInitiator$ConnectionProviderJdbcConnectionAccess@6df4af5] for (non-JTA) DDL execution was not in auto-commit mode; the Connection 'local transaction' will be committed and the Connection will be set into auto-commit mode.
[2024-05-30 15:11:24,809] WARN [org.hibernate.engine.jdbc.spi.SqlExceptionHelper: 230] SQL Warning Code: 0, SQLState: 00000
[2024-05-30 15:11:24,809] WARN [org.hibernate.engine.jdbc.spi.SqlExceptionHelper: 231] удаление распространяется на объект ограничение fkb2u6muqxjvdfbib5u91afawcy в отношении таблица payment
[2024-05-30 15:11:24,813] WARN [org.hibernate.engine.jdbc.spi.SqlExceptionHelper: 230] SQL Warning Code: 0, SQLState: 00000
[2024-05-30 15:11:24,814] WARN [org.hibernate.engine.jdbc.spi.SqlExceptionHelper: 231] ограничение "fkb2u6muqxjvdfbib5u91afawcy" в таблице "payment" не существует, пропускается
[2024-05-30 15:11:24,827] INFO [org.hibernate.orm.connections.access: 48] HHH10001501: Connection obtained from JdbcConnectionAccess [org.hibernate.engine.jdbc.env.internal.JdbcEnvironmentInitiator$ConnectionProviderJdbcConnectionAccess@40df6090] for (non-JTA) DDL execution was not in auto-commit mode; the Connection 'local transaction' will be committed and the Connection will be set into auto-commit mode.
[2024-05-30 15:11:24,941] INFO [org.hibernate.engine.transaction.jta.platform.internal.JtaPlatformInitiator: 52] HHH000490: Using JtaPlatform implementation: [org.hibernate.engine.transaction.jta.platform.internal.NoJtaPlatform]
[2024-05-30 15:11:25,447] INFO [org.hibernate.orm.connections.pooling: 502] HHH10001008: Cleaning up connection pool [jdbc:postgresql://localhost:5432/postgres]
[2024-05-30 15:12:49,732] INFO [org.hibernate.Version: 44] HHH000412: Hibernate ORM core version 5.5.7.Final
[2024-05-30 15:12:50,422] INFO [org.hibernate.annotations.common.Version: 56] HCANN000001: Hibernate Commons Annotations {5.1.2.Final}
[2024-05-30 15:12:50,620] WARN [org.hibernate.orm.connections.pooling: 72] HHH10001002: Using Hibernate built-in connection pool (not for production use!)
[2024-05-30 15:12:50,626] INFO [org.hibernate.orm.connections.pooling: 115] HHH10001005: using driver [org.postgresql.Driver] at URL [jdbc:postgresql://localhost:5432/postgres]
[2024-05-30 15:12:50,627] INFO [org.hibernate.orm.connections.pooling: 124] HHH10001001: Connection properties: {password=****, user=postgres}
[2024-05-30 15:12:50,627] INFO [org.hibernate.orm.connections.pooling: 129] HHH10001003: Autocommit mode: false
[2024-05-30 15:12:50,631] INFO [org.hibernate.engine.jdbc.connections.internal.DriverManagerConnectionProviderImpl: 274] HHH000115: Hibernate connection pool size: 20 (min=1)
[2024-05-30 15:12:50,876] INFO [org.hibernate.dialect.Dialect: 175] HHH000400: Using dialect: org.hibernate.dialect.PostgreSQL10Dialect
[2024-05-30 15:12:50,943] INFO [org.hibernate.envers.boot.internal.EnversServiceImpl: 88] Envers integration enabled? : true
[2024-05-30 15:12:52,213] INFO [org.hibernate.orm.connections.access: 48] HHH10001501: Connection obtained from JdbcConnectionAccess [org.hibernate.engine.jdbc.env.internal.JdbcEnvironmentInitiator$ConnectionProviderJdbcConnectionAccess@3a3b10f4] for (non-JTA) DDL execution was not in auto-commit mode; the Connection 'local transaction' will be committed and the Connection will be set into auto-commit mode.
[2024-05-30 15:12:52,238] WARN [org.hibernate.engine.jdbc.spi.SqlExceptionHelper: 230] SQL Warning Code: 0, SQLState: 00000
[2024-05-30 15:12:52,239] WARN [org.hibernate.engine.jdbc.spi.SqlExceptionHelper: 231] удаление распространяется на объект ограничение fkb2u6muqxjvdfbib5u91afawcy в отношении таблица payment
[2024-05-30 15:12:52,243] WARN [org.hibernate.engine.jdbc.spi.SqlExceptionHelper: 230] SQL Warning Code: 0, SQLState: 00000
[2024-05-30 15:12:52,243] WARN [org.hibernate.engine.jdbc.spi.SqlExceptionHelper: 231] ограничение "fkb2u6muqxjvdfbib5u91afawcy" в таблице "payment" не существует, пропускается
[2024-05-30 15:12:52,259] INFO [org.hibernate.orm.connections.access: 48] HHH10001501: Connection obtained from JdbcConnectionAccess [org.hibernate.engine.jdbc.env.internal.JdbcEnvironmentInitiator$ConnectionProviderJdbcConnectionAccess@1e1e837d] for (non-JTA) DDL execution was not in auto-commit mode; the Connection 'local transaction' will be committed and the Connection will be set into auto-commit mode.
[2024-05-30 15:12:52,384] INFO [org.hibernate.engine.transaction.jta.platform.internal.JtaPlatformInitiator: 52] HHH000490: Using JtaPlatform implementation: [org.hibernate.engine.transaction.jta.platform.internal.NoJtaPlatform]
[2024-05-30 15:12:52,828] INFO [org.hibernate.orm.connections.pooling: 502] HHH10001008: Cleaning up connection pool [jdbc:postgresql://localhost:5432/postgres]
[2024-05-30 15:14:43,618] INFO [org.hibernate.Version: 44] HHH000412: Hibernate ORM core version 5.5.7.Final
[2024-05-30 15:14:44,296] INFO [org.hibernate.annotations.common.Version: 56] HCANN000001: Hibernate Commons Annotations {5.1.2.Final}
[2024-05-30 15:14:44,534] WARN [org.hibernate.orm.connections.pooling: 72] HHH10001002: Using Hibernate built-in connection pool (not for production use!)
[2024-05-30 15:14:44,541] INFO [org.hibernate.orm.connections.pooling: 115] HHH10001005: using driver [org.postgresql.Driver] at URL [jdbc:postgresql://localhost:5432/postgres]
[2024-05-30 15:14:44,542] INFO [org.hibernate.orm.connections.pooling: 124] HHH10001001: Connection properties: {password=****, user=postgres}
[2024-05-30 15:14:44,542] INFO [org.hibernate.orm.connections.pooling: 129] HHH10001003: Autocommit mode: false
[2024-05-30 15:14:44,548] INFO [org.hibernate.engine.jdbc.connections.internal.DriverManagerConnectionProviderImpl: 274] HHH000115: Hibernate connection pool size: 20 (min=1)
[2024-05-30 15:14:44,909] INFO [org.hibernate.dialect.Dialect: 175] HHH000400: Using dialect: org.hibernate.dialect.PostgreSQL10Dialect
[2024-05-30 15:14:45,042] INFO [org.hibernate.envers.boot.internal.EnversServiceImpl: 88] Envers integration enabled? : true
[2024-05-30 15:14:46,513] INFO [org.hibernate.orm.connections.access: 48] HHH10001501: Connection obtained from JdbcConnectionAccess [org.hibernate.engine.jdbc.env.internal.JdbcEnvironmentInitiator$ConnectionProviderJdbcConnectionAccess@4b03cbad] for (non-JTA) DDL execution was not in auto-commit mode; the Connection 'local transaction' will be committed and the Connection will be set into auto-commit mode.
[2024-05-30 15:14:46,542] WARN [org.hibernate.engine.jdbc.spi.SqlExceptionHelper: 230] SQL Warning Code: 0, SQLState: 00000
[2024-05-30 15:14:46,543] WARN [org.hibernate.engine.jdbc.spi.SqlExceptionHelper: 231] удаление распространяется на объект ограничение fkb2u6muqxjvdfbib5u91afawcy в отношении таблица payment
[2024-05-30 15:14:46,547] WARN [org.hibernate.engine.jdbc.spi.SqlExceptionHelper: 230] SQL Warning Code: 0, SQLState: 00000
[2024-05-30 15:14:46,548] WARN [org.hibernate.engine.jdbc.spi.SqlExceptionHelper: 231] ограничение "fkb2u6muqxjvdfbib5u91afawcy" в таблице "payment" не существует, пропускается
[2024-05-30 15:14:46,564] INFO [org.hibernate.orm.connections.access: 48] HHH10001501: Connection obtained from JdbcConnectionAccess [org.hibernate.engine.jdbc.env.internal.JdbcEnvironmentInitiator$ConnectionProviderJdbcConnectionAccess@3b435211] for (non-JTA) DDL execution was not in auto-commit mode; the Connection 'local transaction' will be committed and the Connection will be set into auto-commit mode.
[2024-05-30 15:14:46,686] INFO [org.hibernate.engine.transaction.jta.platform.internal.JtaPlatformInitiator: 52] HHH000490: Using JtaPlatform implementation: [org.hibernate.engine.transaction.jta.platform.internal.NoJtaPlatform]
[2024-05-30 15:14:47,175] INFO [org.hibernate.orm.connections.pooling: 502] HHH10001008: Cleaning up connection pool [jdbc:postgresql://localhost:5432/postgres]
[2024-05-30 15:16:21,028] INFO [org.hibernate.Version: 44] HHH000412: Hibernate ORM core version 5.5.7.Final
[2024-05-30 15:16:21,540] INFO [org.hibernate.annotations.common.Version: 56] HCANN000001: Hibernate Commons Annotations {5.1.2.Final}
[2024-05-30 15:16:21,697] WARN [org.hibernate.orm.connections.pooling: 72] HHH10001002: Using Hibernate built-in connection pool (not for production use!)
[2024-05-30 15:16:21,702] INFO [org.hibernate.orm.connections.pooling: 115] HHH10001005: using driver [org.postgresql.Driver] at URL [jdbc:postgresql://localhost:5432/postgres]
[2024-05-30 15:16:21,702] INFO [org.hibernate.orm.connections.pooling: 124] HHH10001001: Connection properties: {password=****, user=postgres}
[2024-05-30 15:16:21,703] INFO [org.hibernate.orm.connections.pooling: 129] HHH10001003: Autocommit mode: false
[2024-05-30 15:16:21,705] INFO [org.hibernate.engine.jdbc.connections.internal.DriverManagerConnectionProviderImpl: 274] HHH000115: Hibernate connection pool size: 20 (min=1)
[2024-05-30 15:16:21,941] INFO [org.hibernate.dialect.Dialect: 175] HHH000400: Using dialect: org.hibernate.dialect.PostgreSQL10Dialect
[2024-05-30 15:16:21,997] INFO [org.hibernate.envers.boot.internal.EnversServiceImpl: 88] Envers integration enabled? : true
[2024-05-30 15:16:22,983] INFO [org.hibernate.orm.connections.access: 48] HHH10001501: Connection obtained from JdbcConnectionAccess [org.hibernate.engine.jdbc.env.internal.JdbcEnvironmentInitiator$ConnectionProviderJdbcConnectionAccess@3a3b10f4] for (non-JTA) DDL execution was not in auto-commit mode; the Connection 'local transaction' will be committed and the Connection will be set into auto-commit mode.
[2024-05-30 15:16:23,007] WARN [org.hibernate.engine.jdbc.spi.SqlExceptionHelper: 230] SQL Warning Code: 0, SQLState: 00000
[2024-05-30 15:16:23,007] WARN [org.hibernate.engine.jdbc.spi.SqlExceptionHelper: 231] удаление распространяется на объект ограничение fkb2u6muqxjvdfbib5u91afawcy в отношении таблица payment
[2024-05-30 15:16:23,011] WARN [org.hibernate.engine.jdbc.spi.SqlExceptionHelper: 230] SQL Warning Code: 0, SQLState: 00000
[2024-05-30 15:16:23,011] WARN [org.hibernate.engine.jdbc.spi.SqlExceptionHelper: 231] ограничение "fkb2u6muqxjvdfbib5u91afawcy" в таблице "payment" не существует, пропускается
[2024-05-30 15:16:23,024] INFO [org.hibernate.orm.connections.access: 48] HHH10001501: Connection obtained from JdbcConnectionAccess [org.hibernate.engine.jdbc.env.internal.JdbcEnvironmentInitiator$ConnectionProviderJdbcConnectionAccess@1e1e837d] for (non-JTA) DDL execution was not in auto-commit mode; the Connection 'local transaction' will be committed and the Connection will be set into auto-commit mode.
[2024-05-30 15:16:23,139] INFO [org.hibernate.engine.transaction.jta.platform.internal.JtaPlatformInitiator: 52] HHH000490: Using JtaPlatform implementation: [org.hibernate.engine.transaction.jta.platform.internal.NoJtaPlatform]
[2024-05-30 15:16:23,558] INFO [org.hibernate.orm.connections.pooling: 502] HHH10001008: Cleaning up connection pool [jdbc:postgresql://localhost:5432/postgres]
[2024-05-30 15:20:59,520] INFO [org.hibernate.Version: 44] HHH000412: Hibernate ORM core version 5.5.7.Final
[2024-05-30 15:21:00,145] INFO [org.hibernate.annotations.common.Version: 56] HCANN000001: Hibernate Commons Annotations {5.1.2.Final}
[2024-05-30 15:21:00,332] WARN [org.hibernate.orm.connections.pooling: 72] HHH10001002: Using Hibernate built-in connection pool (not for production use!)
[2024-05-30 15:21:00,337] INFO [org.hibernate.orm.connections.pooling: 115] HHH10001005: using driver [org.postgresql.Driver] at URL [jdbc:postgresql://localhost:5432/postgres]
[2024-05-30 15:21:00,337] INFO [org.hibernate.orm.connections.pooling: 124] HHH10001001: Connection properties: {password=****, user=postgres}
[2024-05-30 15:21:00,338] INFO [org.hibernate.orm.connections.pooling: 129] HHH10001003: Autocommit mode: false
[2024-05-30 15:21:00,341] INFO [org.hibernate.engine.jdbc.connections.internal.DriverManagerConnectionProviderImpl: 274] HHH000115: Hibernate connection pool size: 20 (min=1)
[2024-05-30 15:21:00,613] INFO [org.hibernate.dialect.Dialect: 175] HHH000400: Using dialect: org.hibernate.dialect.PostgreSQL10Dialect
[2024-05-30 15:21:00,700] INFO [org.hibernate.envers.boot.internal.EnversServiceImpl: 88] Envers integration enabled? : true
[2024-05-30 15:21:01,835] INFO [org.hibernate.orm.connections.access: 48] HHH10001501: Connection obtained from JdbcConnectionAccess [org.hibernate.engine.jdbc.env.internal.JdbcEnvironmentInitiator$ConnectionProviderJdbcConnectionAccess@18e4674d] for (non-JTA) DDL execution was not in auto-commit mode; the Connection 'local transaction' will be committed and the Connection will be set into auto-commit mode.
[2024-05-30 15:21:01,861] WARN [org.hibernate.engine.jdbc.spi.SqlExceptionHelper: 230] SQL Warning Code: 0, SQLState: 00000
[2024-05-30 15:21:01,861] WARN [org.hibernate.engine.jdbc.spi.SqlExceptionHelper: 231] удаление распространяется на объект ограничение fkb2u6muqxjvdfbib5u91afawcy в отношении таблица payment
[2024-05-30 15:21:01,865] WARN [org.hibernate.engine.jdbc.spi.SqlExceptionHelper: 230] SQL Warning Code: 0, SQLState: 00000
[2024-05-30 15:21:01,865] WARN [org.hibernate.engine.jdbc.spi.SqlExceptionHelper: 231] ограничение "fkb2u6muqxjvdfbib5u91afawcy" в таблице "payment" не существует, пропускается
[2024-05-30 15:21:01,878] INFO [org.hibernate.orm.connections.access: 48] HHH10001501: Connection obtained from JdbcConnectionAccess [org.hibernate.engine.jdbc.env.internal.JdbcEnvironmentInitiator$ConnectionProviderJdbcConnectionAccess@6f85ee02] for (non-JTA) DDL execution was not in auto-commit mode; the Connection 'local transaction' will be committed and the Connection will be set into auto-commit mode.
[2024-05-30 15:21:01,989] INFO [org.hibernate.engine.transaction.jta.platform.internal.JtaPlatformInitiator: 52] HHH000490: Using JtaPlatform implementation: [org.hibernate.engine.transaction.jta.platform.internal.NoJtaPlatform]
[2024-05-30 15:21:02,285] INFO [org.hibernate.orm.connections.pooling: 502] HHH10001008: Cleaning up connection pool [jdbc:postgresql://localhost:5432/postgres]
[2024-05-30 15:22:33,724] INFO [org.hibernate.Version: 44] HHH000412: Hibernate ORM core version 5.5.7.Final
[2024-05-30 15:22:34,357] INFO [org.hibernate.annotations.common.Version: 56] HCANN000001: Hibernate Commons Annotations {5.1.2.Final}
[2024-05-30 15:22:34,590] WARN [org.hibernate.orm.connections.pooling: 72] HHH10001002: Using Hibernate built-in connection pool (not for production use!)
[2024-05-30 15:22:34,596] INFO [org.hibernate.orm.connections.pooling: 115] HHH10001005: using driver [org.postgresql.Driver] at URL [jdbc:postgresql://localhost:5432/postgres]
[2024-05-30 15:22:34,596] INFO [org.hibernate.orm.connections.pooling: 124] HHH10001001: Connection properties: {password=****, user=postgres}
[2024-05-30 15:22:34,597] INFO [org.hibernate.orm.connections.pooling: 129] HHH10001003: Autocommit mode: false
[2024-05-30 15:22:34,600] INFO [org.hibernate.engine.jdbc.connections.internal.DriverManagerConnectionProviderImpl: 274] HHH000115: Hibernate connection pool size: 20 (min=1)
[2024-05-30 15:22:34,886] INFO [org.hibernate.dialect.Dialect: 175] HHH000400: Using dialect: org.hibernate.dialect.PostgreSQL10Dialect
[2024-05-30 15:22:34,942] INFO [org.hibernate.envers.boot.internal.EnversServiceImpl: 88] Envers integration enabled? : true
[2024-05-30 15:22:36,147] INFO [org.hibernate.orm.connections.access: 48] HHH10001501: Connection obtained from JdbcConnectionAccess [org.hibernate.engine.jdbc.env.internal.JdbcEnvironmentInitiator$ConnectionProviderJdbcConnectionAccess@8c43966] for (non-JTA) DDL execution was not in auto-commit mode; the Connection 'local transaction' will be committed and the Connection will be set into auto-commit mode.
[2024-05-30 15:22:36,174] WARN [org.hibernate.engine.jdbc.spi.SqlExceptionHelper: 230] SQL Warning Code: 0, SQLState: 00000
[2024-05-30 15:22:36,174] WARN [org.hibernate.engine.jdbc.spi.SqlExceptionHelper: 231] удаление распространяется на объект ограничение fkb2u6muqxjvdfbib5u91afawcy в отношении таблица payment
[2024-05-30 15:22:36,180] WARN [org.hibernate.engine.jdbc.spi.SqlExceptionHelper: 230] SQL Warning Code: 0, SQLState: 00000
[2024-05-30 15:22:36,180] WARN [org.hibernate.engine.jdbc.spi.SqlExceptionHelper: 231] ограничение "fkb2u6muqxjvdfbib5u91afawcy" в таблице "payment" не существует, пропускается
[2024-05-30 15:22:36,195] INFO [org.hibernate.orm.connections.access: 48] HHH10001501: Connection obtained from JdbcConnectionAccess [org.hibernate.engine.jdbc.env.internal.JdbcEnvironmentInitiator$ConnectionProviderJdbcConnectionAccess@5ec88f9e] for (non-JTA) DDL execution was not in auto-commit mode; the Connection 'local transaction' will be committed and the Connection will be set into auto-commit mode.
[2024-05-30 15:22:36,309] INFO [org.hibernate.engine.transaction.jta.platform.internal.JtaPlatformInitiator: 52] HHH000490: Using JtaPlatform implementation: [org.hibernate.engine.transaction.jta.platform.internal.NoJtaPlatform]
[2024-05-30 15:23:32,319] INFO [org.hibernate.orm.connections.pooling: 502] HHH10001008: Cleaning up connection pool [jdbc:postgresql://localhost:5432/postgres]
[2024-05-30 15:24:51,933] INFO [org.hibernate.Version: 44] HHH000412: Hibernate ORM core version 5.5.7.Final
[2024-05-30 15:24:52,565] INFO [org.hibernate.annotations.common.Version: 56] HCANN000001: Hibernate Commons Annotations {5.1.2.Final}
[2024-05-30 15:24:52,783] WARN [org.hibernate.orm.connections.pooling: 72] HHH10001002: Using Hibernate built-in connection pool (not for production use!)
[2024-05-30 15:24:52,789] INFO [org.hibernate.orm.connections.pooling: 115] HHH10001005: using driver [org.postgresql.Driver] at URL [jdbc:postgresql://localhost:5432/postgres]
[2024-05-30 15:24:52,790] INFO [org.hibernate.orm.connections.pooling: 124] HHH10001001: Connection properties: {password=****, user=postgres}
[2024-05-30 15:24:52,790] INFO [org.hibernate.orm.connections.pooling: 129] HHH10001003: Autocommit mode: false
[2024-05-30 15:24:52,795] INFO [org.hibernate.engine.jdbc.connections.internal.DriverManagerConnectionProviderImpl: 274] HHH000115: Hibernate connection pool size: 20 (min=1)
[2024-05-30 15:24:53,076] INFO [org.hibernate.dialect.Dialect: 175] HHH000400: Using dialect: org.hibernate.dialect.PostgreSQL10Dialect
[2024-05-30 15:24:53,132] INFO [org.hibernate.envers.boot.internal.EnversServiceImpl: 88] Envers integration enabled? : true
[2024-05-30 15:24:54,406] INFO [org.hibernate.orm.connections.access: 48] HHH10001501: Connection obtained from JdbcConnectionAccess [org.hibernate.engine.jdbc.env.internal.JdbcEnvironmentInitiator$ConnectionProviderJdbcConnectionAccess@8c43966] for (non-JTA) DDL execution was not in auto-commit mode; the Connection 'local transaction' will be committed and the Connection will be set into auto-commit mode.
[2024-05-30 15:24:54,432] WARN [org.hibernate.engine.jdbc.spi.SqlExceptionHelper: 230] SQL Warning Code: 0, SQLState: 00000
[2024-05-30 15:24:54,432] WARN [org.hibernate.engine.jdbc.spi.SqlExceptionHelper: 231] удаление распространяется на объект ограничение fkb2u6muqxjvdfbib5u91afawcy в отношении таблица payment
[2024-05-30 15:24:54,437] WARN [org.hibernate.engine.jdbc.spi.SqlExceptionHelper: 230] SQL Warning Code: 0, SQLState: 00000
[2024-05-30 15:24:54,437] WARN [org.hibernate.engine.jdbc.spi.SqlExceptionHelper: 231] ограничение "fkb2u6muqxjvdfbib5u91afawcy" в таблице "payment" не существует, пропускается
[2024-05-30 15:24:54,449] INFO [org.hibernate.orm.connections.access: 48] HHH10001501: Connection obtained from JdbcConnectionAccess [org.hibernate.engine.jdbc.env.internal.JdbcEnvironmentInitiator$ConnectionProviderJdbcConnectionAccess@5ec88f9e] for (non-JTA) DDL execution was not in auto-commit mode; the Connection 'local transaction' will be committed and the Connection will be set into auto-commit mode.
[2024-05-30 15:24:54,571] INFO [org.hibernate.engine.transaction.jta.platform.internal.JtaPlatformInitiator: 52] HHH000490: Using JtaPlatform implementation: [org.hibernate.engine.transaction.jta.platform.internal.NoJtaPlatform]
[2024-05-30 15:27:15,651] INFO [org.hibernate.orm.connections.pooling: 502] HHH10001008: Cleaning up connection pool [jdbc:postgresql://localhost:5432/postgres]
[2024-05-30 15:28:00,735] INFO [org.hibernate.Version: 44] HHH000412: Hibernate ORM core version 5.5.7.Final
[2024-05-30 15:28:01,420] INFO [org.hibernate.annotations.common.Version: 56] HCANN000001: Hibernate Commons Annotations {5.1.2.Final}
[2024-05-30 15:28:01,595] WARN [org.hibernate.orm.connections.pooling: 72] HHH10001002: Using Hibernate built-in connection pool (not for production use!)
[2024-05-30 15:28:01,600] INFO [org.hibernate.orm.connections.pooling: 115] HHH10001005: using driver [org.postgresql.Driver] at URL [jdbc:postgresql://localhost:5432/postgres]
[2024-05-30 15:28:01,601] INFO [org.hibernate.orm.connections.pooling: 124] HHH10001001: Connection properties: {password=****, user=postgres}
[2024-05-30 15:28:01,601] INFO [org.hibernate.orm.connections.pooling: 129] HHH10001003: Autocommit mode: false
[2024-05-30 15:28:01,605] INFO [org.hibernate.engine.jdbc.connections.internal.DriverManagerConnectionProviderImpl: 274] HHH000115: Hibernate connection pool size: 20 (min=1)
[2024-05-30 15:28:01,872] INFO [org.hibernate.dialect.Dialect: 175] HHH000400: Using dialect: org.hibernate.dialect.PostgreSQL10Dialect
[2024-05-30 15:28:01,941] INFO [org.hibernate.envers.boot.internal.EnversServiceImpl: 88] Envers integration enabled? : true
[2024-05-30 15:28:03,060] INFO [org.hibernate.orm.connections.access: 48] HHH10001501: Connection obtained from JdbcConnectionAccess [org.hibernate.engine.jdbc.env.internal.JdbcEnvironmentInitiator$ConnectionProviderJdbcConnectionAccess@5a05dd30] for (non-JTA) DDL execution was not in auto-commit mode; the Connection 'local transaction' will be committed and the Connection will be set into auto-commit mode.
[2024-05-30 15:28:03,086] WARN [org.hibernate.engine.jdbc.spi.SqlExceptionHelper: 230] SQL Warning Code: 0, SQLState: 00000
[2024-05-30 15:28:03,087] WARN [org.hibernate.engine.jdbc.spi.SqlExceptionHelper: 231] удаление распространяется на объект ограничение fkb2u6muqxjvdfbib5u91afawcy в отношении таблица payment
[2024-05-30 15:28:03,090] WARN [org.hibernate.engine.jdbc.spi.SqlExceptionHelper: 230] SQL Warning Code: 0, SQLState: 00000
[2024-05-30 15:28:03,091] WARN [org.hibernate.engine.jdbc.spi.SqlExceptionHelper: 231] ограничение "fkb2u6muqxjvdfbib5u91afawcy" в таблице "payment" не существует, пропускается
[2024-05-30 15:28:03,104] INFO [org.hibernate.orm.connections.access: 48] HHH10001501: Connection obtained from JdbcConnectionAccess [org.hibernate.engine.jdbc.env.internal.JdbcEnvironmentInitiator$ConnectionProviderJdbcConnectionAccess@756b2d90] for (non-JTA) DDL execution was not in auto-commit mode; the Connection 'local transaction' will be committed and the Connection will be set into auto-commit mode.
[2024-05-30 15:28:03,220] INFO [org.hibernate.engine.transaction.jta.platform.internal.JtaPlatformInitiator: 52] HHH000490: Using JtaPlatform implementation: [org.hibernate.engine.transaction.jta.platform.internal.NoJtaPlatform]
[2024-05-30 15:28:21,610] INFO [org.hibernate.orm.connections.pooling: 502] HHH10001008: Cleaning up connection pool [jdbc:postgresql://localhost:5432/postgres]
[2024-05-30 15:29:54,970] INFO [org.hibernate.Version: 44] HHH000412: Hibernate ORM core version 5.5.7.Final
[2024-05-30 15:29:56,221] INFO [org.hibernate.annotations.common.Version: 56] HCANN000001: Hibernate Commons Annotations {5.1.2.Final}
[2024-05-30 15:29:56,539] WARN [org.hibernate.orm.connections.pooling: 72] HHH10001002: Using Hibernate built-in connection pool (not for production use!)
[2024-05-30 15:29:56,546] INFO [org.hibernate.orm.connections.pooling: 115] HHH10001005: using driver [org.postgresql.Driver] at URL [jdbc:postgresql://localhost:5432/postgres]
[2024-05-30 15:29:56,547] INFO [org.hibernate.orm.connections.pooling: 124] HHH10001001: Connection properties: {password=****, user=postgres}
[2024-05-30 15:29:56,547] INFO [org.hibernate.orm.connections.pooling: 129] HHH10001003: Autocommit mode: false
[2024-05-30 15:29:56,551] INFO [org.hibernate.engine.jdbc.connections.internal.DriverManagerConnectionProviderImpl: 274] HHH000115: Hibernate connection pool size: 20 (min=1)
[2024-05-30 15:29:56,889] INFO [org.hibernate.dialect.Dialect: 175] HHH000400: Using dialect: org.hibernate.dialect.PostgreSQL10Dialect
[2024-05-30 15:29:56,972] INFO [org.hibernate.envers.boot.internal.EnversServiceImpl: 88] Envers integration enabled? : true
[2024-05-30 15:29:58,670] INFO [org.hibernate.orm.connections.access: 48] HHH10001501: Connection obtained from JdbcConnectionAccess [org.hibernate.engine.jdbc.env.internal.JdbcEnvironmentInitiator$ConnectionProviderJdbcConnectionAccess@5a05dd30] for (non-JTA) DDL execution was not in auto-commit mode; the Connection 'local transaction' will be committed and the Connection will be set into auto-commit mode.
[2024-05-30 15:29:58,694] WARN [org.hibernate.engine.jdbc.spi.SqlExceptionHelper: 230] SQL Warning Code: 0, SQLState: 00000
[2024-05-30 15:29:58,695] WARN [org.hibernate.engine.jdbc.spi.SqlExceptionHelper: 231] удаление распространяется на объект ограничение fkb2u6muqxjvdfbib5u91afawcy в отношении таблица payment
[2024-05-30 15:29:58,699] WARN [org.hibernate.engine.jdbc.spi.SqlExceptionHelper: 230] SQL Warning Code: 0, SQLState: 00000
[2024-05-30 15:29:58,700] WARN [org.hibernate.engine.jdbc.spi.SqlExceptionHelper: 231] ограничение "fkb2u6muqxjvdfbib5u91afawcy" в таблице "payment" не существует, пропускается
[2024-05-30 15:29:58,714] INFO [org.hibernate.orm.connections.access: 48] HHH10001501: Connection obtained from JdbcConnectionAccess [org.hibernate.engine.jdbc.env.internal.JdbcEnvironmentInitiator$ConnectionProviderJdbcConnectionAccess@756b2d90] for (non-JTA) DDL execution was not in auto-commit mode; the Connection 'local transaction' will be committed and the Connection will be set into auto-commit mode.
[2024-05-30 15:29:58,835] INFO [org.hibernate.engine.transaction.jta.platform.internal.JtaPlatformInitiator: 52] HHH000490: Using JtaPlatform implementation: [org.hibernate.engine.transaction.jta.platform.internal.NoJtaPlatform]
[2024-05-30 15:30:03,720] INFO [org.hibernate.orm.connections.pooling: 502] HHH10001008: Cleaning up connection pool [jdbc:postgresql://localhost:5432/postgres]
[2024-05-30 15:30:46,428] INFO [org.hibernate.Version: 44] HHH000412: Hibernate ORM core version 5.5.7.Final
[2024-05-30 15:30:46,979] INFO [org.hibernate.annotations.common.Version: 56] HCANN000001: Hibernate Commons Annotations {5.1.2.Final}
[2024-05-30 15:30:47,147] WARN [org.hibernate.orm.connections.pooling: 72] HHH10001002: Using Hibernate built-in connection pool (not for production use!)
[2024-05-30 15:30:47,152] INFO [org.hibernate.orm.connections.pooling: 115] HHH10001005: using driver [org.postgresql.Driver] at URL [jdbc:postgresql://localhost:5432/postgres]
[2024-05-30 15:30:47,152] INFO [org.hibernate.orm.connections.pooling: 124] HHH10001001: Connection properties: {password=****, user=postgres}
[2024-05-30 15:30:47,153] INFO [org.hibernate.orm.connections.pooling: 129] HHH10001003: Autocommit mode: false
[2024-05-30 15:30:47,156] INFO [org.hibernate.engine.jdbc.connections.internal.DriverManagerConnectionProviderImpl: 274] HHH000115: Hibernate connection pool size: 20 (min=1)
[2024-05-30 15:30:47,395] INFO [org.hibernate.dialect.Dialect: 175] HHH000400: Using dialect: org.hibernate.dialect.PostgreSQL10Dialect
[2024-05-30 15:30:47,446] INFO [org.hibernate.envers.boot.internal.EnversServiceImpl: 88] Envers integration enabled? : true
[2024-05-30 15:30:48,506] INFO [org.hibernate.orm.connections.access: 48] HHH10001501: Connection obtained from JdbcConnectionAccess [org.hibernate.engine.jdbc.env.internal.JdbcEnvironmentInitiator$ConnectionProviderJdbcConnectionAccess@4ed18798] for (non-JTA) DDL execution was not in auto-commit mode; the Connection 'local transaction' will be committed and the Connection will be set into auto-commit mode.
[2024-05-30 15:30:48,531] WARN [org.hibernate.engine.jdbc.spi.SqlExceptionHelper: 230] SQL Warning Code: 0, SQLState: 00000
[2024-05-30 15:30:48,531] WARN [org.hibernate.engine.jdbc.spi.SqlExceptionHelper: 231] удаление распространяется на объект ограничение fkb2u6muqxjvdfbib5u91afawcy в отношении таблица payment
[2024-05-30 15:30:48,535] WARN [org.hibernate.engine.jdbc.spi.SqlExceptionHelper: 230] SQL Warning Code: 0, SQLState: 00000
[2024-05-30 15:30:48,535] WARN [org.hibernate.engine.jdbc.spi.SqlExceptionHelper: 231] ограничение "fkb2u6muqxjvdfbib5u91afawcy" в таблице "payment" не существует, пропускается
[2024-05-30 15:30:48,548] INFO [org.hibernate.orm.connections.access: 48] HHH10001501: Connection obtained from JdbcConnectionAccess [org.hibernate.engine.jdbc.env.internal.JdbcEnvironmentInitiator$ConnectionProviderJdbcConnectionAccess@5e599100] for (non-JTA) DDL execution was not in auto-commit mode; the Connection 'local transaction' will be committed and the Connection will be set into auto-commit mode.
[2024-05-30 15:30:48,664] INFO [org.hibernate.engine.transaction.jta.platform.internal.JtaPlatformInitiator: 52] HHH000490: Using JtaPlatform implementation: [org.hibernate.engine.transaction.jta.platform.internal.NoJtaPlatform]
[2024-05-30 15:30:49,002] INFO [org.hibernate.orm.connections.pooling: 502] HHH10001008: Cleaning up connection pool [jdbc:postgresql://localhost:5432/postgres]
[2024-05-30 15:33:01,623] INFO [org.hibernate.Version: 44] HHH000412: Hibernate ORM core version 5.5.7.Final
[2024-05-30 15:33:02,301] INFO [org.hibernate.annotations.common.Version: 56] HCANN000001: Hibernate Commons Annotations {5.1.2.Final}
[2024-05-30 15:33:02,495] WARN [org.hibernate.orm.connections.pooling: 72] HHH10001002: Using Hibernate built-in connection pool (not for production use!)
[2024-05-30 15:33:02,501] INFO [org.hibernate.orm.connections.pooling: 115] HHH10001005: using driver [org.postgresql.Driver] at URL [jdbc:postgresql://localhost:5432/postgres]
[2024-05-30 15:33:02,501] INFO [org.hibernate.orm.connections.pooling: 124] HHH10001001: Connection properties: {password=****, user=postgres}
[2024-05-30 15:33:02,501] INFO [org.hibernate.orm.connections.pooling: 129] HHH10001003: Autocommit mode: false
[2024-05-30 15:33:02,504] INFO [org.hibernate.engine.jdbc.connections.internal.DriverManagerConnectionProviderImpl: 274] HHH000115: Hibernate connection pool size: 20 (min=1)
[2024-05-30 15:33:02,783] INFO [org.hibernate.dialect.Dialect: 175] HHH000400: Using dialect: org.hibernate.dialect.PostgreSQL10Dialect
[2024-05-30 15:33:02,842] INFO [org.hibernate.envers.boot.internal.EnversServiceImpl: 88] Envers integration enabled? : true
[2024-05-30 15:33:04,322] INFO [org.hibernate.orm.connections.access: 48] HHH10001501: Connection obtained from JdbcConnectionAccess [org.hibernate.engine.jdbc.env.internal.JdbcEnvironmentInitiator$ConnectionProviderJdbcConnectionAccess@14b275bd] for (non-JTA) DDL execution was not in auto-commit mode; the Connection 'local transaction' will be committed and the Connection will be set into auto-commit mode.
[2024-05-30 15:33:04,346] WARN [org.hibernate.engine.jdbc.spi.SqlExceptionHelper: 230] SQL Warning Code: 0, SQLState: 00000
[2024-05-30 15:33:04,346] WARN [org.hibernate.engine.jdbc.spi.SqlExceptionHelper: 231] удаление распространяется на объект ограничение fkb2u6muqxjvdfbib5u91afawcy в отношении таблица payment
[2024-05-30 15:33:04,350] WARN [org.hibernate.engine.jdbc.spi.SqlExceptionHelper: 230] SQL Warning Code: 0, SQLState: 00000
[2024-05-30 15:33:04,350] WARN [org.hibernate.engine.jdbc.spi.SqlExceptionHelper: 231] ограничение "fkb2u6muqxjvdfbib5u91afawcy" в таблице "payment" не существует, пропускается
[2024-05-30 15:33:04,365] INFO [org.hibernate.orm.connections.access: 48] HHH10001501: Connection obtained from JdbcConnectionAccess [org.hibernate.engine.jdbc.env.internal.JdbcEnvironmentInitiator$ConnectionProviderJdbcConnectionAccess@8fcc534] for (non-JTA) DDL execution was not in auto-commit mode; the Connection 'local transaction' will be committed and the Connection will be set into auto-commit mode.
[2024-05-30 15:33:04,496] INFO [org.hibernate.engine.transaction.jta.platform.internal.JtaPlatformInitiator: 52] HHH000490: Using JtaPlatform implementation: [org.hibernate.engine.transaction.jta.platform.internal.NoJtaPlatform]
[2024-05-30 15:33:04,954] INFO [org.hibernate.orm.connections.pooling: 502] HHH10001008: Cleaning up connection pool [jdbc:postgresql://localhost:5432/postgres]
[2024-05-30 15:35:23,416] INFO [org.hibernate.Version: 44] HHH000412: Hibernate ORM core version 5.5.7.Final
[2024-05-30 15:35:24,006] INFO [org.hibernate.annotations.common.Version: 56] HCANN000001: Hibernate Commons Annotations {5.1.2.Final}
[2024-05-30 15:35:24,191] WARN [org.hibernate.orm.connections.pooling: 72] HHH10001002: Using Hibernate built-in connection pool (not for production use!)
[2024-05-30 15:35:24,196] INFO [org.hibernate.orm.connections.pooling: 115] HHH10001005: using driver [org.postgresql.Driver] at URL [jdbc:postgresql://localhost:5432/postgres]
[2024-05-30 15:35:24,197] INFO [org.hibernate.orm.connections.pooling: 124] HHH10001001: Connection properties: {password=****, user=postgres}
[2024-05-30 15:35:24,197] INFO [org.hibernate.orm.connections.pooling: 129] HHH10001003: Autocommit mode: false
[2024-05-30 15:35:24,201] INFO [org.hibernate.engine.jdbc.connections.internal.DriverManagerConnectionProviderImpl: 274] HHH000115: Hibernate connection pool size: 20 (min=1)
[2024-05-30 15:35:24,480] INFO [org.hibernate.dialect.Dialect: 175] HHH000400: Using dialect: org.hibernate.dialect.PostgreSQL10Dialect
[2024-05-30 15:35:24,535] INFO [org.hibernate.envers.boot.internal.EnversServiceImpl: 88] Envers integration enabled? : true
[2024-05-30 15:35:25,735] INFO [org.hibernate.orm.connections.access: 48] HHH10001501: Connection obtained from JdbcConnectionAccess [org.hibernate.engine.jdbc.env.internal.JdbcEnvironmentInitiator$ConnectionProviderJdbcConnectionAccess@8c43966] for (non-JTA) DDL execution was not in auto-commit mode; the Connection 'local transaction' will be committed and the Connection will be set into auto-commit mode.
[2024-05-30 15:35:25,758] WARN [org.hibernate.engine.jdbc.spi.SqlExceptionHelper: 230] SQL Warning Code: 0, SQLState: 00000
[2024-05-30 15:35:25,758] WARN [org.hibernate.engine.jdbc.spi.SqlExceptionHelper: 231] удаление распространяется на объект ограничение fkb2u6muqxjvdfbib5u91afawcy в отношении таблица payment
[2024-05-30 15:35:25,762] WARN [org.hibernate.engine.jdbc.spi.SqlExceptionHelper: 230] SQL Warning Code: 0, SQLState: 00000
[2024-05-30 15:35:25,763] WARN [org.hibernate.engine.jdbc.spi.SqlExceptionHelper: 231] ограничение "fkb2u6muqxjvdfbib5u91afawcy" в таблице "payment" не существует, пропускается
[2024-05-30 15:35:25,775] INFO [org.hibernate.orm.connections.access: 48] HHH10001501: Connection obtained from JdbcConnectionAccess [org.hibernate.engine.jdbc.env.internal.JdbcEnvironmentInitiator$ConnectionProviderJdbcConnectionAccess@5ec88f9e] for (non-JTA) DDL execution was not in auto-commit mode; the Connection 'local transaction' will be committed and the Connection will be set into auto-commit mode.
[2024-05-30 15:35:25,885] INFO [org.hibernate.engine.transaction.jta.platform.internal.JtaPlatformInitiator: 52] HHH000490: Using JtaPlatform implementation: [org.hibernate.engine.transaction.jta.platform.internal.NoJtaPlatform]
[2024-05-30 15:35:26,262] INFO [org.hibernate.orm.connections.pooling: 502] HHH10001008: Cleaning up connection pool [jdbc:postgresql://localhost:5432/postgres]
[2024-05-30 15:36:54,458] INFO [org.hibernate.Version: 44] HHH000412: Hibernate ORM core version 5.5.7.Final
[2024-05-30 15:36:55,017] INFO [org.hibernate.annotations.common.Version: 56] HCANN000001: Hibernate Commons Annotations {5.1.2.Final}
[2024-05-30 15:36:55,204] WARN [org.hibernate.orm.connections.pooling: 72] HHH10001002: Using Hibernate built-in connection pool (not for production use!)
[2024-05-30 15:36:55,209] INFO [org.hibernate.orm.connections.pooling: 115] HHH10001005: using driver [org.postgresql.Driver] at URL [jdbc:postgresql://localhost:5432/postgres]
[2024-05-30 15:36:55,209] INFO [org.hibernate.orm.connections.pooling: 124] HHH10001001: Connection properties: {password=****, user=postgres}
[2024-05-30 15:36:55,209] INFO [org.hibernate.orm.connections.pooling: 129] HHH10001003: Autocommit mode: false
[2024-05-30 15:36:55,212] INFO [org.hibernate.engine.jdbc.connections.internal.DriverManagerConnectionProviderImpl: 274] HHH000115: Hibernate connection pool size: 20 (min=1)
[2024-05-30 15:36:55,448] INFO [org.hibernate.dialect.Dialect: 175] HHH000400: Using dialect: org.hibernate.dialect.PostgreSQL10Dialect
[2024-05-30 15:36:55,499] INFO [org.hibernate.envers.boot.internal.EnversServiceImpl: 88] Envers integration enabled? : true
[2024-05-30 15:36:56,481] INFO [org.hibernate.orm.connections.access: 48] HHH10001501: Connection obtained from JdbcConnectionAccess [org.hibernate.engine.jdbc.env.internal.JdbcEnvironmentInitiator$ConnectionProviderJdbcConnectionAccess@4ed18798] for (non-JTA) DDL execution was not in auto-commit mode; the Connection 'local transaction' will be committed and the Connection will be set into auto-commit mode.
[2024-05-30 15:36:56,506] WARN [org.hibernate.engine.jdbc.spi.SqlExceptionHelper: 230] SQL Warning Code: 0, SQLState: 00000
[2024-05-30 15:36:56,506] WARN [org.hibernate.engine.jdbc.spi.SqlExceptionHelper: 231] удаление распространяется на объект ограничение fkb2u6muqxjvdfbib5u91afawcy в отношении таблица payment
[2024-05-30 15:36:56,510] WARN [org.hibernate.engine.jdbc.spi.SqlExceptionHelper: 230] SQL Warning Code: 0, SQLState: 00000
[2024-05-30 15:36:56,510] WARN [org.hibernate.engine.jdbc.spi.SqlExceptionHelper: 231] ограничение "fkb2u6muqxjvdfbib5u91afawcy" в таблице "payment" не существует, пропускается
[2024-05-30 15:36:56,523] INFO [org.hibernate.orm.connections.access: 48] HHH10001501: Connection obtained from JdbcConnectionAccess [org.hibernate.engine.jdbc.env.internal.JdbcEnvironmentInitiator$ConnectionProviderJdbcConnectionAccess@5e599100] for (non-JTA) DDL execution was not in auto-commit mode; the Connection 'local transaction' will be committed and the Connection will be set into auto-commit mode.
[2024-05-30 15:36:56,631] INFO [org.hibernate.engine.transaction.jta.platform.internal.JtaPlatformInitiator: 52] HHH000490: Using JtaPlatform implementation: [org.hibernate.engine.transaction.jta.platform.internal.NoJtaPlatform]
[2024-05-30 15:36:57,009] INFO [org.hibernate.orm.connections.pooling: 502] HHH10001008: Cleaning up connection pool [jdbc:postgresql://localhost:5432/postgres]
[2024-05-30 15:39:17,050] INFO [org.hibernate.Version: 44] HHH000412: Hibernate ORM core version 5.5.7.Final
[2024-05-30 15:39:17,557] INFO [org.hibernate.annotations.common.Version: 56] HCANN000001: Hibernate Commons Annotations {5.1.2.Final}
[2024-05-30 15:39:17,744] WARN [org.hibernate.orm.connections.pooling: 72] HHH10001002: Using Hibernate built-in connection pool (not for production use!)
[2024-05-30 15:39:17,749] INFO [org.hibernate.orm.connections.pooling: 115] HHH10001005: using driver [org.postgresql.Driver] at URL [jdbc:postgresql://localhost:5432/postgres]
[2024-05-30 15:39:17,750] INFO [org.hibernate.orm.connections.pooling: 124] HHH10001001: Connection properties: {password=****, user=postgres}
[2024-05-30 15:39:17,750] INFO [org.hibernate.orm.connections.pooling: 129] HHH10001003: Autocommit mode: false
[2024-05-30 15:39:17,753] INFO [org.hibernate.engine.jdbc.connections.internal.DriverManagerConnectionProviderImpl: 274] HHH000115: Hibernate connection pool size: 20 (min=1)
[2024-05-30 15:39:17,981] INFO [org.hibernate.dialect.Dialect: 175] HHH000400: Using dialect: org.hibernate.dialect.PostgreSQL10Dialect
[2024-05-30 15:39:18,036] INFO [org.hibernate.envers.boot.internal.EnversServiceImpl: 88] Envers integration enabled? : true
[2024-05-30 15:39:19,273] INFO [org.hibernate.orm.connections.access: 48] HHH10001501: Connection obtained from JdbcConnectionAccess [org.hibernate.engine.jdbc.env.internal.JdbcEnvironmentInitiator$ConnectionProviderJdbcConnectionAccess@4b03cbad] for (non-JTA) DDL execution was not in auto-commit mode; the Connection 'local transaction' will be committed and the Connection will be set into auto-commit mode.
[2024-05-30 15:39:19,300] WARN [org.hibernate.engine.jdbc.spi.SqlExceptionHelper: 230] SQL Warning Code: 0, SQLState: 00000
[2024-05-30 15:39:19,301] WARN [org.hibernate.engine.jdbc.spi.SqlExceptionHelper: 231] удаление распространяется на объект ограничение fkb2u6muqxjvdfbib5u91afawcy в отношении таблица payment
[2024-05-30 15:39:19,306] WARN [org.hibernate.engine.jdbc.spi.SqlExceptionHelper: 230] SQL Warning Code: 0, SQLState: 00000
[2024-05-30 15:39:19,306] WARN [org.hibernate.engine.jdbc.spi.SqlExceptionHelper: 231] ограничение "fkb2u6muqxjvdfbib5u91afawcy" в таблице "payment" не существует, пропускается
[2024-05-30 15:39:19,317] INFO [org.hibernate.orm.connections.access: 48] HHH10001501: Connection obtained from JdbcConnectionAccess [org.hibernate.engine.jdbc.env.internal.JdbcEnvironmentInitiator$ConnectionProviderJdbcConnectionAccess@3b435211] for (non-JTA) DDL execution was not in auto-commit mode; the Connection 'local transaction' will be committed and the Connection will be set into auto-commit mode.
[2024-05-30 15:39:19,442] INFO [org.hibernate.engine.transaction.jta.platform.internal.JtaPlatformInitiator: 52] HHH000490: Using JtaPlatform implementation: [org.hibernate.engine.transaction.jta.platform.internal.NoJtaPlatform]
[2024-05-30 15:39:19,943] INFO [org.hibernate.orm.connections.pooling: 502] HHH10001008: Cleaning up connection pool [jdbc:postgresql://localhost:5432/postgres]
[2024-05-30 15:46:35,106] INFO [org.hibernate.Version: 44] HHH000412: Hibernate ORM core version 5.5.7.Final
[2024-05-30 15:46:35,703] INFO [org.hibernate.annotations.common.Version: 56] HCANN000001: Hibernate Commons Annotations {5.1.2.Final}
[2024-05-30 15:46:35,891] WARN [org.hibernate.orm.connections.pooling: 72] HHH10001002: Using Hibernate built-in connection pool (not for production use!)
[2024-05-30 15:46:35,895] INFO [org.hibernate.orm.connections.pooling: 115] HHH10001005: using driver [org.postgresql.Driver] at URL [jdbc:postgresql://localhost:5432/postgres]
[2024-05-30 15:46:35,896] INFO [org.hibernate.orm.connections.pooling: 124] HHH10001001: Connection properties: {password=****, user=postgres}
[2024-05-30 15:46:35,896] INFO [org.hibernate.orm.connections.pooling: 129] HHH10001003: Autocommit mode: false
[2024-05-30 15:46:35,899] INFO [org.hibernate.engine.jdbc.connections.internal.DriverManagerConnectionProviderImpl: 274] HHH000115: Hibernate connection pool size: 20 (min=1)
[2024-05-30 15:46:36,177] INFO [org.hibernate.dialect.Dialect: 175] HHH000400: Using dialect: org.hibernate.dialect.PostgreSQL10Dialect
[2024-05-30 15:46:36,231] INFO [org.hibernate.envers.boot.internal.EnversServiceImpl: 88] Envers integration enabled? : true
[2024-05-30 15:46:37,383] INFO [org.hibernate.orm.connections.access: 48] HHH10001501: Connection obtained from JdbcConnectionAccess [org.hibernate.engine.jdbc.env.internal.JdbcEnvironmentInitiator$ConnectionProviderJdbcConnectionAccess@3a3b10f4] for (non-JTA) DDL execution was not in auto-commit mode; the Connection 'local transaction' will be committed and the Connection will be set into auto-commit mode.
[2024-05-30 15:46:37,409] WARN [org.hibernate.engine.jdbc.spi.SqlExceptionHelper: 230] SQL Warning Code: 0, SQLState: 00000
[2024-05-30 15:46:37,409] WARN [org.hibernate.engine.jdbc.spi.SqlExceptionHelper: 231] удаление распространяется на объект ограничение fkb2u6muqxjvdfbib5u91afawcy в отношении таблица payment
[2024-05-30 15:46:37,413] WARN [org.hibernate.engine.jdbc.spi.SqlExceptionHelper: 230] SQL Warning Code: 0, SQLState: 00000
[2024-05-30 15:46:37,413] WARN [org.hibernate.engine.jdbc.spi.SqlExceptionHelper: 231] ограничение "fkb2u6muqxjvdfbib5u91afawcy" в таблице "payment" не существует, пропускается
[2024-05-30 15:46:37,427] INFO [org.hibernate.orm.connections.access: 48] HHH10001501: Connection obtained from JdbcConnectionAccess [org.hibernate.engine.jdbc.env.internal.JdbcEnvironmentInitiator$ConnectionProviderJdbcConnectionAccess@1e1e837d] for (non-JTA) DDL execution was not in auto-commit mode; the Connection 'local transaction' will be committed and the Connection will be set into auto-commit mode.
[2024-05-30 15:46:37,539] INFO [org.hibernate.engine.transaction.jta.platform.internal.JtaPlatformInitiator: 52] HHH000490: Using JtaPlatform implementation: [org.hibernate.engine.transaction.jta.platform.internal.NoJtaPlatform]
[2024-05-30 15:46:37,940] INFO [org.hibernate.orm.connections.pooling: 502] HHH10001008: Cleaning up connection pool [jdbc:postgresql://localhost:5432/postgres]
[2024-05-30 15:47:32,332] INFO [org.hibernate.Version: 44] HHH000412: Hibernate ORM core version 5.5.7.Final
[2024-05-30 15:47:32,823] INFO [org.hibernate.annotations.common.Version: 56] HCANN000001: Hibernate Commons Annotations {5.1.2.Final}
[2024-05-30 15:47:33,000] WARN [org.hibernate.orm.connections.pooling: 72] HHH10001002: Using Hibernate built-in connection pool (not for production use!)
[2024-05-30 15:47:33,005] INFO [org.hibernate.orm.connections.pooling: 115] HHH10001005: using driver [org.postgresql.Driver] at URL [jdbc:postgresql://localhost:5432/postgres]
[2024-05-30 15:47:33,005] INFO [org.hibernate.orm.connections.pooling: 124] HHH10001001: Connection properties: {password=****, user=postgres}
[2024-05-30 15:47:33,005] INFO [org.hibernate.orm.connections.pooling: 129] HHH10001003: Autocommit mode: false
[2024-05-30 15:47:33,008] INFO [org.hibernate.engine.jdbc.connections.internal.DriverManagerConnectionProviderImpl: 274] HHH000115: Hibernate connection pool size: 20 (min=1)
[2024-05-30 15:47:33,243] INFO [org.hibernate.dialect.Dialect: 175] HHH000400: Using dialect: org.hibernate.dialect.PostgreSQL10Dialect
[2024-05-30 15:47:33,297] INFO [org.hibernate.envers.boot.internal.EnversServiceImpl: 88] Envers integration enabled? : true
[2024-05-30 15:47:34,303] INFO [org.hibernate.orm.connections.access: 48] HHH10001501: Connection obtained from JdbcConnectionAccess [org.hibernate.engine.jdbc.env.internal.JdbcEnvironmentInitiator$ConnectionProviderJdbcConnectionAccess@58687fb7] for (non-JTA) DDL execution was not in auto-commit mode; the Connection 'local transaction' will be committed and the Connection will be set into auto-commit mode.
[2024-05-30 15:47:34,326] WARN [org.hibernate.engine.jdbc.spi.SqlExceptionHelper: 230] SQL Warning Code: 0, SQLState: 00000
[2024-05-30 15:47:34,327] WARN [org.hibernate.engine.jdbc.spi.SqlExceptionHelper: 231] удаление распространяется на объект ограничение fkb2u6muqxjvdfbib5u91afawcy в отношении таблица payment
[2024-05-30 15:47:34,330] WARN [org.hibernate.engine.jdbc.spi.SqlExceptionHelper: 230] SQL Warning Code: 0, SQLState: 00000
[2024-05-30 15:47:34,331] WARN [org.hibernate.engine.jdbc.spi.SqlExceptionHelper: 231] ограничение "fkb2u6muqxjvdfbib5u91afawcy" в таблице "payment" не существует, пропускается
[2024-05-30 15:47:34,342] INFO [org.hibernate.orm.connections.access: 48] HHH10001501: Connection obtained from JdbcConnectionAccess [org.hibernate.engine.jdbc.env.internal.JdbcEnvironmentInitiator$ConnectionProviderJdbcConnectionAccess@5b29ab61] for (non-JTA) DDL execution was not in auto-commit mode; the Connection 'local transaction' will be committed and the Connection will be set into auto-commit mode.
[2024-05-30 15:47:34,452] INFO [org.hibernate.engine.transaction.jta.platform.internal.JtaPlatformInitiator: 52] HHH000490: Using JtaPlatform implementation: [org.hibernate.engine.transaction.jta.platform.internal.NoJtaPlatform]
[2024-05-30 15:47:34,790] INFO [org.hibernate.orm.connections.pooling: 502] HHH10001008: Cleaning up connection pool [jdbc:postgresql://localhost:5432/postgres]
[2024-05-30 15:48:33,371] INFO [org.hibernate.Version: 44] HHH000412: Hibernate ORM core version 5.5.7.Final
[2024-05-30 15:48:33,912] INFO [org.hibernate.annotations.common.Version: 56] HCANN000001: Hibernate Commons Annotations {5.1.2.Final}
[2024-05-30 15:48:34,097] WARN [org.hibernate.orm.connections.pooling: 72] HHH10001002: Using Hibernate built-in connection pool (not for production use!)
[2024-05-30 15:48:34,101] INFO [org.hibernate.orm.connections.pooling: 115] HHH10001005: using driver [org.postgresql.Driver] at URL [jdbc:postgresql://localhost:5432/postgres]
[2024-05-30 15:48:34,102] INFO [org.hibernate.orm.connections.pooling: 124] HHH10001001: Connection properties: {password=****, user=postgres}
[2024-05-30 15:48:34,102] INFO [org.hibernate.orm.connections.pooling: 129] HHH10001003: Autocommit mode: false
[2024-05-30 15:48:34,105] INFO [org.hibernate.engine.jdbc.connections.internal.DriverManagerConnectionProviderImpl: 274] HHH000115: Hibernate connection pool size: 20 (min=1)
[2024-05-30 15:48:34,384] INFO [org.hibernate.dialect.Dialect: 175] HHH000400: Using dialect: org.hibernate.dialect.PostgreSQL10Dialect
[2024-05-30 15:48:34,446] INFO [org.hibernate.envers.boot.internal.EnversServiceImpl: 88] Envers integration enabled? : true
[2024-05-30 15:48:35,608] INFO [org.hibernate.orm.connections.access: 48] HHH10001501: Connection obtained from JdbcConnectionAccess [org.hibernate.engine.jdbc.env.internal.JdbcEnvironmentInitiator$ConnectionProviderJdbcConnectionAccess@3a3b10f4] for (non-JTA) DDL execution was not in auto-commit mode; the Connection 'local transaction' will be committed and the Connection will be set into auto-commit mode.
[2024-05-30 15:48:35,634] WARN [org.hibernate.engine.jdbc.spi.SqlExceptionHelper: 230] SQL Warning Code: 0, SQLState: 00000
[2024-05-30 15:48:35,634] WARN [org.hibernate.engine.jdbc.spi.SqlExceptionHelper: 231] удаление распространяется на объект ограничение fkb2u6muqxjvdfbib5u91afawcy в отношении таблица payment
[2024-05-30 15:48:35,637] WARN [org.hibernate.engine.jdbc.spi.SqlExceptionHelper: 230] SQL Warning Code: 0, SQLState: 00000
[2024-05-30 15:48:35,638] WARN [org.hibernate.engine.jdbc.spi.SqlExceptionHelper: 231] ограничение "fkb2u6muqxjvdfbib5u91afawcy" в таблице "payment" не существует, пропускается
[2024-05-30 15:48:35,650] INFO [org.hibernate.orm.connections.access: 48] HHH10001501: Connection obtained from JdbcConnectionAccess [org.hibernate.engine.jdbc.env.internal.JdbcEnvironmentInitiator$ConnectionProviderJdbcConnectionAccess@1e1e837d] for (non-JTA) DDL execution was not in auto-commit mode; the Connection 'local transaction' will be committed and the Connection will be set into auto-commit mode.
[2024-05-30 15:48:35,760] INFO [org.hibernate.engine.transaction.jta.platform.internal.JtaPlatformInitiator: 52] HHH000490: Using JtaPlatform implementation: [org.hibernate.engine.transaction.jta.platform.internal.NoJtaPlatform]
[2024-05-30 15:48:36,130] INFO [org.hibernate.orm.connections.pooling: 502] HHH10001008: Cleaning up connection pool [jdbc:postgresql://localhost:5432/postgres]
[2024-05-30 15:53:20,322] INFO [org.hibernate.Version: 44] HHH000412: Hibernate ORM core version 5.5.7.Final
[2024-05-30 15:53:21,117] INFO [org.hibernate.annotations.common.Version: 56] HCANN000001: Hibernate Commons Annotations {5.1.2.Final}
[2024-05-30 15:53:21,362] WARN [org.hibernate.orm.connections.pooling: 72] HHH10001002: Using Hibernate built-in connection pool (not for production use!)
[2024-05-30 15:53:21,379] INFO [org.hibernate.orm.connections.pooling: 115] HHH10001005: using driver [org.postgresql.Driver] at URL [jdbc:postgresql://localhost:5432/postgres]
[2024-05-30 15:53:21,379] INFO [org.hibernate.orm.connections.pooling: 124] HHH10001001: Connection properties: {password=****, user=postgres}
[2024-05-30 15:53:21,380] INFO [org.hibernate.orm.connections.pooling: 129] HHH10001003: Autocommit mode: false
[2024-05-30 15:53:21,384] INFO [org.hibernate.engine.jdbc.connections.internal.DriverManagerConnectionProviderImpl: 274] HHH000115: Hibernate connection pool size: 20 (min=1)
[2024-05-30 15:53:21,767] INFO [org.hibernate.dialect.Dialect: 175] HHH000400: Using dialect: org.hibernate.dialect.PostgreSQL10Dialect
[2024-05-30 15:53:21,833] INFO [org.hibernate.envers.boot.internal.EnversServiceImpl: 88] Envers integration enabled? : true
[2024-05-30 15:53:23,105] INFO [org.hibernate.orm.connections.access: 48] HHH10001501: Connection obtained from JdbcConnectionAccess [org.hibernate.engine.jdbc.env.internal.JdbcEnvironmentInitiator$ConnectionProviderJdbcConnectionAccess@76c86567] for (non-JTA) DDL execution was not in auto-commit mode; the Connection 'local transaction' will be committed and the Connection will be set into auto-commit mode.
[2024-05-30 15:53:23,131] WARN [org.hibernate.engine.jdbc.spi.SqlExceptionHelper: 230] SQL Warning Code: 0, SQLState: 00000
[2024-05-30 15:53:23,131] WARN [org.hibernate.engine.jdbc.spi.SqlExceptionHelper: 231] удаление распространяется на объект ограничение fkb2u6muqxjvdfbib5u91afawcy в отношении таблица payment
[2024-05-30 15:53:23,135] WARN [org.hibernate.engine.jdbc.spi.SqlExceptionHelper: 230] SQL Warning Code: 0, SQLState: 00000
[2024-05-30 15:53:23,136] WARN [org.hibernate.engine.jdbc.spi.SqlExceptionHelper: 231] ограничение "fkb2u6muqxjvdfbib5u91afawcy" в таблице "payment" не существует, пропускается
[2024-05-30 15:53:23,148] INFO [org.hibernate.orm.connections.access: 48] HHH10001501: Connection obtained from JdbcConnectionAccess [org.hibernate.engine.jdbc.env.internal.JdbcEnvironmentInitiator$ConnectionProviderJdbcConnectionAccess@5b1e88f] for (non-JTA) DDL execution was not in auto-commit mode; the Connection 'local transaction' will be committed and the Connection will be set into auto-commit mode.
[2024-05-30 15:53:23,263] INFO [org.hibernate.engine.transaction.jta.platform.internal.JtaPlatformInitiator: 52] HHH000490: Using JtaPlatform implementation: [org.hibernate.engine.transaction.jta.platform.internal.NoJtaPlatform]
[2024-05-30 15:53:24,019] INFO [org.hibernate.orm.connections.pooling: 502] HHH10001008: Cleaning up connection pool [jdbc:postgresql://localhost:5432/postgres]
[2024-05-30 15:53:43,220] INFO [org.hibernate.Version: 44] HHH000412: Hibernate ORM core version 5.5.7.Final
[2024-05-30 15:53:43,814] INFO [org.hibernate.annotations.common.Version: 56] HCANN000001: Hibernate Commons Annotations {5.1.2.Final}
[2024-05-30 15:53:43,972] WARN [org.hibernate.orm.connections.pooling: 72] HHH10001002: Using Hibernate built-in connection pool (not for production use!)
[2024-05-30 15:53:43,978] INFO [org.hibernate.orm.connections.pooling: 115] HHH10001005: using driver [org.postgresql.Driver] at URL [jdbc:postgresql://localhost:5432/postgres]
[2024-05-30 15:53:43,978] INFO [org.hibernate.orm.connections.pooling: 124] HHH10001001: Connection properties: {password=****, user=postgres}
[2024-05-30 15:53:43,978] INFO [org.hibernate.orm.connections.pooling: 129] HHH10001003: Autocommit mode: false
[2024-05-30 15:53:43,981] INFO [org.hibernate.engine.jdbc.connections.internal.DriverManagerConnectionProviderImpl: 274] HHH000115: Hibernate connection pool size: 20 (min=1)
[2024-05-30 15:53:44,228] INFO [org.hibernate.dialect.Dialect: 175] HHH000400: Using dialect: org.hibernate.dialect.PostgreSQL10Dialect
[2024-05-30 15:53:44,280] INFO [org.hibernate.envers.boot.internal.EnversServiceImpl: 88] Envers integration enabled? : true
[2024-05-30 15:53:45,277] INFO [org.hibernate.orm.connections.access: 48] HHH10001501: Connection obtained from JdbcConnectionAccess [org.hibernate.engine.jdbc.env.internal.JdbcEnvironmentInitiator$ConnectionProviderJdbcConnectionAccess@5b733ef7] for (non-JTA) DDL execution was not in auto-commit mode; the Connection 'local transaction' will be committed and the Connection will be set into auto-commit mode.
[2024-05-30 15:53:45,307] WARN [org.hibernate.engine.jdbc.spi.SqlExceptionHelper: 230] SQL Warning Code: 0, SQLState: 00000
[2024-05-30 15:53:45,307] WARN [org.hibernate.engine.jdbc.spi.SqlExceptionHelper: 231] удаление распространяется на объект ограничение fkb2u6muqxjvdfbib5u91afawcy в отношении таблица payment
[2024-05-30 15:53:45,311] WARN [org.hibernate.engine.jdbc.spi.SqlExceptionHelper: 230] SQL Warning Code: 0, SQLState: 00000
[2024-05-30 15:53:45,312] WARN [org.hibernate.engine.jdbc.spi.SqlExceptionHelper: 231] ограничение "fkb2u6muqxjvdfbib5u91afawcy" в таблице "payment" не существует, пропускается
[2024-05-30 15:53:45,325] INFO [org.hibernate.orm.connections.access: 48] HHH10001501: Connection obtained from JdbcConnectionAccess [org.hibernate.engine.jdbc.env.internal.JdbcEnvironmentInitiator$ConnectionProviderJdbcConnectionAccess@437c4b25] for (non-JTA) DDL execution was not in auto-commit mode; the Connection 'local transaction' will be committed and the Connection will be set into auto-commit mode.
[2024-05-30 15:53:45,441] INFO [org.hibernate.engine.transaction.jta.platform.internal.JtaPlatformInitiator: 52] HHH000490: Using JtaPlatform implementation: [org.hibernate.engine.transaction.jta.platform.internal.NoJtaPlatform]
[2024-05-30 15:53:45,869] INFO [org.hibernate.orm.connections.pooling: 502] HHH10001008: Cleaning up connection pool [jdbc:postgresql://localhost:5432/postgres]
[2024-05-30 15:55:27,891] INFO [org.hibernate.Version: 44] HHH000412: Hibernate ORM core version 5.5.7.Final
[2024-05-30 15:55:28,537] INFO [org.hibernate.annotations.common.Version: 56] HCANN000001: Hibernate Commons Annotations {5.1.2.Final}
[2024-05-30 15:55:28,775] WARN [org.hibernate.orm.connections.pooling: 72] HHH10001002: Using Hibernate built-in connection pool (not for production use!)
[2024-05-30 15:55:28,779] INFO [org.hibernate.orm.connections.pooling: 115] HHH10001005: using driver [org.postgresql.Driver] at URL [jdbc:postgresql://localhost:5432/postgres]
[2024-05-30 15:55:28,780] INFO [org.hibernate.orm.connections.pooling: 124] HHH10001001: Connection properties: {password=****, user=postgres}
[2024-05-30 15:55:28,780] INFO [org.hibernate.orm.connections.pooling: 129] HHH10001003: Autocommit mode: false
[2024-05-30 15:55:28,783] INFO [org.hibernate.engine.jdbc.connections.internal.DriverManagerConnectionProviderImpl: 274] HHH000115: Hibernate connection pool size: 20 (min=1)
[2024-05-30 15:55:29,050] INFO [org.hibernate.dialect.Dialect: 175] HHH000400: Using dialect: org.hibernate.dialect.PostgreSQL10Dialect
[2024-05-30 15:55:29,109] INFO [org.hibernate.envers.boot.internal.EnversServiceImpl: 88] Envers integration enabled? : true
[2024-05-30 15:55:30,324] INFO [org.hibernate.orm.connections.access: 48] HHH10001501: Connection obtained from JdbcConnectionAccess [org.hibernate.engine.jdbc.env.internal.JdbcEnvironmentInitiator$ConnectionProviderJdbcConnectionAccess@39e53bef] for (non-JTA) DDL execution was not in auto-commit mode; the Connection 'local transaction' will be committed and the Connection will be set into auto-commit mode.
[2024-05-30 15:55:30,349] WARN [org.hibernate.engine.jdbc.spi.SqlExceptionHelper: 230] SQL Warning Code: 0, SQLState: 00000
[2024-05-30 15:55:30,350] WARN [org.hibernate.engine.jdbc.spi.SqlExceptionHelper: 231] удаление распространяется на объект ограничение fkb2u6muqxjvdfbib5u91afawcy в отношении таблица payment
[2024-05-30 15:55:30,355] WARN [org.hibernate.engine.jdbc.spi.SqlExceptionHelper: 230] SQL Warning Code: 0, SQLState: 00000
[2024-05-30 15:55:30,355] WARN [org.hibernate.engine.jdbc.spi.SqlExceptionHelper: 231] ограничение "fkb2u6muqxjvdfbib5u91afawcy" в таблице "payment" не существует, пропускается
[2024-05-30 15:55:30,367] INFO [org.hibernate.orm.connections.access: 48] HHH10001501: Connection obtained from JdbcConnectionAccess [org.hibernate.engine.jdbc.env.internal.JdbcEnvironmentInitiator$ConnectionProviderJdbcConnectionAccess@7b14c61] for (non-JTA) DDL execution was not in auto-commit mode; the Connection 'local transaction' will be committed and the Connection will be set into auto-commit mode.
[2024-05-30 15:55:30,485] INFO [org.hibernate.engine.transaction.jta.platform.internal.JtaPlatformInitiator: 52] HHH000490: Using JtaPlatform implementation: [org.hibernate.engine.transaction.jta.platform.internal.NoJtaPlatform]
[2024-05-30 15:55:30,862] INFO [org.hibernate.orm.connections.pooling: 502] HHH10001008: Cleaning up connection pool [jdbc:postgresql://localhost:5432/postgres]
[2024-05-30 15:56:16,065] INFO [org.hibernate.Version: 44] HHH000412: Hibernate ORM core version 5.5.7.Final
[2024-05-30 15:56:16,675] INFO [org.hibernate.annotations.common.Version: 56] HCANN000001: Hibernate Commons Annotations {5.1.2.Final}
[2024-05-30 15:56:16,868] WARN [org.hibernate.orm.connections.pooling: 72] HHH10001002: Using Hibernate built-in connection pool (not for production use!)
[2024-05-30 15:56:16,873] INFO [org.hibernate.orm.connections.pooling: 115] HHH10001005: using driver [org.postgresql.Driver] at URL [jdbc:postgresql://localhost:5432/postgres]
[2024-05-30 15:56:16,873] INFO [org.hibernate.orm.connections.pooling: 124] HHH10001001: Connection properties: {password=****, user=postgres}
[2024-05-30 15:56:16,874] INFO [org.hibernate.orm.connections.pooling: 129] HHH10001003: Autocommit mode: false
[2024-05-30 15:56:16,878] INFO [org.hibernate.engine.jdbc.connections.internal.DriverManagerConnectionProviderImpl: 274] HHH000115: Hibernate connection pool size: 20 (min=1)
[2024-05-30 15:56:17,144] INFO [org.hibernate.dialect.Dialect: 175] HHH000400: Using dialect: org.hibernate.dialect.PostgreSQL10Dialect
[2024-05-30 15:56:17,198] INFO [org.hibernate.envers.boot.internal.EnversServiceImpl: 88] Envers integration enabled? : true
[2024-05-30 15:56:18,446] INFO [org.hibernate.orm.connections.access: 48] HHH10001501: Connection obtained from JdbcConnectionAccess [org.hibernate.engine.jdbc.env.internal.JdbcEnvironmentInitiator$ConnectionProviderJdbcConnectionAccess@39e53bef] for (non-JTA) DDL execution was not in auto-commit mode; the Connection 'local transaction' will be committed and the Connection will be set into auto-commit mode.
[2024-05-30 15:56:18,469] WARN [org.hibernate.engine.jdbc.spi.SqlExceptionHelper: 230] SQL Warning Code: 0, SQLState: 00000
[2024-05-30 15:56:18,469] WARN [org.hibernate.engine.jdbc.spi.SqlExceptionHelper: 231] удаление распространяется на объект ограничение fkb2u6muqxjvdfbib5u91afawcy в отношении таблица payment
[2024-05-30 15:56:18,473] WARN [org.hibernate.engine.jdbc.spi.SqlExceptionHelper: 230] SQL Warning Code: 0, SQLState: 00000
[2024-05-30 15:56:18,474] WARN [org.hibernate.engine.jdbc.spi.SqlExceptionHelper: 231] ограничение "fkb2u6muqxjvdfbib5u91afawcy" в таблице "payment" не существует, пропускается
[2024-05-30 15:56:18,486] INFO [org.hibernate.orm.connections.access: 48] HHH10001501: Connection obtained from JdbcConnectionAccess [org.hibernate.engine.jdbc.env.internal.JdbcEnvironmentInitiator$ConnectionProviderJdbcConnectionAccess@7b14c61] for (non-JTA) DDL execution was not in auto-commit mode; the Connection 'local transaction' will be committed and the Connection will be set into auto-commit mode.
[2024-05-30 15:56:18,597] INFO [org.hibernate.engine.transaction.jta.platform.internal.JtaPlatformInitiator: 52] HHH000490: Using JtaPlatform implementation: [org.hibernate.engine.transaction.jta.platform.internal.NoJtaPlatform]
[2024-05-30 15:56:19,007] INFO [org.hibernate.orm.connections.pooling: 502] HHH10001008: Cleaning up connection pool [jdbc:postgresql://localhost:5432/postgres]
[2024-05-30 15:58:07,836] INFO [org.hibernate.Version: 44] HHH000412: Hibernate ORM core version 5.5.7.Final
[2024-05-30 15:58:08,426] INFO [org.hibernate.annotations.common.Version: 56] HCANN000001: Hibernate Commons Annotations {5.1.2.Final}
[2024-05-30 15:58:08,631] WARN [org.hibernate.orm.connections.pooling: 72] HHH10001002: Using Hibernate built-in connection pool (not for production use!)
[2024-05-30 15:58:08,637] INFO [org.hibernate.orm.connections.pooling: 115] HHH10001005: using driver [org.postgresql.Driver] at URL [jdbc:postgresql://localhost:5432/postgres]
[2024-05-30 15:58:08,637] INFO [org.hibernate.orm.connections.pooling: 124] HHH10001001: Connection properties: {password=****, user=postgres}
[2024-05-30 15:58:08,638] INFO [org.hibernate.orm.connections.pooling: 129] HHH10001003: Autocommit mode: false
[2024-05-30 15:58:08,641] INFO [org.hibernate.engine.jdbc.connections.internal.DriverManagerConnectionProviderImpl: 274] HHH000115: Hibernate connection pool size: 20 (min=1)
[2024-05-30 15:58:08,891] INFO [org.hibernate.dialect.Dialect: 175] HHH000400: Using dialect: org.hibernate.dialect.PostgreSQL10Dialect
[2024-05-30 15:58:08,955] INFO [org.hibernate.envers.boot.internal.EnversServiceImpl: 88] Envers integration enabled? : true
[2024-05-30 15:58:10,048] INFO [org.hibernate.orm.connections.access: 48] HHH10001501: Connection obtained from JdbcConnectionAccess [org.hibernate.engine.jdbc.env.internal.JdbcEnvironmentInitiator$ConnectionProviderJdbcConnectionAccess@4ed18798] for (non-JTA) DDL execution was not in auto-commit mode; the Connection 'local transaction' will be committed and the Connection will be set into auto-commit mode.
[2024-05-30 15:58:10,072] WARN [org.hibernate.engine.jdbc.spi.SqlExceptionHelper: 230] SQL Warning Code: 0, SQLState: 00000
[2024-05-30 15:58:10,073] WARN [org.hibernate.engine.jdbc.spi.SqlExceptionHelper: 231] удаление распространяется на объект ограничение fkb2u6muqxjvdfbib5u91afawcy в отношении таблица payment
[2024-05-30 15:58:10,077] WARN [org.hibernate.engine.jdbc.spi.SqlExceptionHelper: 230] SQL Warning Code: 0, SQLState: 00000
[2024-05-30 15:58:10,077] WARN [org.hibernate.engine.jdbc.spi.SqlExceptionHelper: 231] ограничение "fkb2u6muqxjvdfbib5u91afawcy" в таблице "payment" не существует, пропускается
[2024-05-30 15:58:10,089] INFO [org.hibernate.orm.connections.access: 48] HHH10001501: Connection obtained from JdbcConnectionAccess [org.hibernate.engine.jdbc.env.internal.JdbcEnvironmentInitiator$ConnectionProviderJdbcConnectionAccess@5e599100] for (non-JTA) DDL execution was not in auto-commit mode; the Connection 'local transaction' will be committed and the Connection will be set into auto-commit mode.
[2024-05-30 15:58:10,200] INFO [org.hibernate.engine.transaction.jta.platform.internal.JtaPlatformInitiator: 52] HHH000490: Using JtaPlatform implementation: [org.hibernate.engine.transaction.jta.platform.internal.NoJtaPlatform]
[2024-05-30 15:58:10,662] INFO [org.hibernate.orm.connections.pooling: 502] HHH10001008: Cleaning up connection pool [jdbc:postgresql://localhost:5432/postgres]
[2024-05-30 15:58:29,071] INFO [org.hibernate.Version: 44] HHH000412: Hibernate ORM core version 5.5.7.Final
[2024-05-30 15:58:29,672] INFO [org.hibernate.annotations.common.Version: 56] HCANN000001: Hibernate Commons Annotations {5.1.2.Final}
[2024-05-30 15:58:29,851] WARN [org.hibernate.orm.connections.pooling: 72] HHH10001002: Using Hibernate built-in connection pool (not for production use!)
[2024-05-30 15:58:29,857] INFO [org.hibernate.orm.connections.pooling: 115] HHH10001005: using driver [org.postgresql.Driver] at URL [jdbc:postgresql://localhost:5432/postgres]
[2024-05-30 15:58:29,858] INFO [org.hibernate.orm.connections.pooling: 124] HHH10001001: Connection properties: {password=****, user=postgres}
[2024-05-30 15:58:29,858] INFO [org.hibernate.orm.connections.pooling: 129] HHH10001003: Autocommit mode: false
[2024-05-30 15:58:29,861] INFO [org.hibernate.engine.jdbc.connections.internal.DriverManagerConnectionProviderImpl: 274] HHH000115: Hibernate connection pool size: 20 (min=1)
[2024-05-30 15:58:30,105] INFO [org.hibernate.dialect.Dialect: 175] HHH000400: Using dialect: org.hibernate.dialect.PostgreSQL10Dialect
[2024-05-30 15:58:30,160] INFO [org.hibernate.envers.boot.internal.EnversServiceImpl: 88] Envers integration enabled? : true
[2024-05-30 15:58:31,515] INFO [org.hibernate.orm.connections.access: 48] HHH10001501: Connection obtained from JdbcConnectionAccess [org.hibernate.engine.jdbc.env.internal.JdbcEnvironmentInitiator$ConnectionProviderJdbcConnectionAccess@3a3b10f4] for (non-JTA) DDL execution was not in auto-commit mode; the Connection 'local transaction' will be committed and the Connection will be set into auto-commit mode.
[2024-05-30 15:58:31,541] WARN [org.hibernate.engine.jdbc.spi.SqlExceptionHelper: 230] SQL Warning Code: 0, SQLState: 00000
[2024-05-30 15:58:31,542] WARN [org.hibernate.engine.jdbc.spi.SqlExceptionHelper: 231] удаление распространяется на объект ограничение fkb2u6muqxjvdfbib5u91afawcy в отношении таблица payment
[2024-05-30 15:58:31,545] WARN [org.hibernate.engine.jdbc.spi.SqlExceptionHelper: 230] SQL Warning Code: 0, SQLState: 00000
[2024-05-30 15:58:31,546] WARN [org.hibernate.engine.jdbc.spi.SqlExceptionHelper: 231] ограничение "fkb2u6muqxjvdfbib5u91afawcy" в таблице "payment" не существует, пропускается
[2024-05-30 15:58:31,559] INFO [org.hibernate.orm.connections.access: 48] HHH10001501: Connection obtained from JdbcConnectionAccess [org.hibernate.engine.jdbc.env.internal.JdbcEnvironmentInitiator$ConnectionProviderJdbcConnectionAccess@1e1e837d] for (non-JTA) DDL execution was not in auto-commit mode; the Connection 'local transaction' will be committed and the Connection will be set into auto-commit mode.
[2024-05-30 15:58:31,678] INFO [org.hibernate.engine.transaction.jta.platform.internal.JtaPlatformInitiator: 52] HHH000490: Using JtaPlatform implementation: [org.hibernate.engine.transaction.jta.platform.internal.NoJtaPlatform]
[2024-05-30 15:58:32,137] INFO [org.hibernate.orm.connections.pooling: 502] HHH10001008: Cleaning up connection pool [jdbc:postgresql://localhost:5432/postgres]
[2024-05-30 15:59:19,270] INFO [org.hibernate.Version: 44] HHH000412: Hibernate ORM core version 5.5.7.Final
[2024-05-30 15:59:19,841] INFO [org.hibernate.annotations.common.Version: 56] HCANN000001: Hibernate Commons Annotations {5.1.2.Final}
[2024-05-30 15:59:20,051] WARN [org.hibernate.orm.connections.pooling: 72] HHH10001002: Using Hibernate built-in connection pool (not for production use!)
[2024-05-30 15:59:20,057] INFO [org.hibernate.orm.connections.pooling: 115] HHH10001005: using driver [org.postgresql.Driver] at URL [jdbc:postgresql://localhost:5432/postgres]
[2024-05-30 15:59:20,057] INFO [org.hibernate.orm.connections.pooling: 124] HHH10001001: Connection properties: {password=****, user=postgres}
[2024-05-30 15:59:20,058] INFO [org.hibernate.orm.connections.pooling: 129] HHH10001003: Autocommit mode: false
[2024-05-30 15:59:20,060] INFO [org.hibernate.engine.jdbc.connections.internal.DriverManagerConnectionProviderImpl: 274] HHH000115: Hibernate connection pool size: 20 (min=1)
[2024-05-30 15:59:20,312] INFO [org.hibernate.dialect.Dialect: 175] HHH000400: Using dialect: org.hibernate.dialect.PostgreSQL10Dialect
[2024-05-30 15:59:20,371] INFO [org.hibernate.envers.boot.internal.EnversServiceImpl: 88] Envers integration enabled? : true
[2024-05-30 15:59:21,804] INFO [org.hibernate.orm.connections.access: 48] HHH10001501: Connection obtained from JdbcConnectionAccess [org.hibernate.engine.jdbc.env.internal.JdbcEnvironmentInitiator$ConnectionProviderJdbcConnectionAccess@3a3b10f4] for (non-JTA) DDL execution was not in auto-commit mode; the Connection 'local transaction' will be committed and the Connection will be set into auto-commit mode.
[2024-05-30 15:59:21,836] WARN [org.hibernate.engine.jdbc.spi.SqlExceptionHelper: 230] SQL Warning Code: 0, SQLState: 00000
[2024-05-30 15:59:21,836] WARN [org.hibernate.engine.jdbc.spi.SqlExceptionHelper: 231] удаление распространяется на объект ограничение fkb2u6muqxjvdfbib5u91afawcy в отношении таблица payment
[2024-05-30 15:59:21,843] WARN [org.hibernate.engine.jdbc.spi.SqlExceptionHelper: 230] SQL Warning Code: 0, SQLState: 00000
[2024-05-30 15:59:21,843] WARN [org.hibernate.engine.jdbc.spi.SqlExceptionHelper: 231] ограничение "fkb2u6muqxjvdfbib5u91afawcy" в таблице "payment" не существует, пропускается
[2024-05-30 15:59:21,862] INFO [org.hibernate.orm.connections.access: 48] HHH10001501: Connection obtained from JdbcConnectionAccess [org.hibernate.engine.jdbc.env.internal.JdbcEnvironmentInitiator$ConnectionProviderJdbcConnectionAccess@1e1e837d] for (non-JTA) DDL execution was not in auto-commit mode; the Connection 'local transaction' will be committed and the Connection will be set into auto-commit mode.
[2024-05-30 15:59:21,999] INFO [org.hibernate.engine.transaction.jta.platform.internal.JtaPlatformInitiator: 52] HHH000490: Using JtaPlatform implementation: [org.hibernate.engine.transaction.jta.platform.internal.NoJtaPlatform]
[2024-05-30 15:59:22,654] INFO [org.hibernate.orm.connections.pooling: 502] HHH10001008: Cleaning up connection pool [jdbc:postgresql://localhost:5432/postgres]
[2024-05-30 15:59:35,400] INFO [org.hibernate.Version: 44] HHH000412: Hibernate ORM core version 5.5.7.Final
[2024-05-30 15:59:36,207] INFO [org.hibernate.annotations.common.Version: 56] HCANN000001: Hibernate Commons Annotations {5.1.2.Final}
[2024-05-30 15:59:36,458] WARN [org.hibernate.orm.connections.pooling: 72] HHH10001002: Using Hibernate built-in connection pool (not for production use!)
[2024-05-30 15:59:36,463] INFO [org.hibernate.orm.connections.pooling: 115] HHH10001005: using driver [org.postgresql.Driver] at URL [jdbc:postgresql://localhost:5432/postgres]
[2024-05-30 15:59:36,463] INFO [org.hibernate.orm.connections.pooling: 124] HHH10001001: Connection properties: {password=****, user=postgres}
[2024-05-30 15:59:36,464] INFO [org.hibernate.orm.connections.pooling: 129] HHH10001003: Autocommit mode: false
[2024-05-30 15:59:36,467] INFO [org.hibernate.engine.jdbc.connections.internal.DriverManagerConnectionProviderImpl: 274] HHH000115: Hibernate connection pool size: 20 (min=1)
[2024-05-30 15:59:36,771] INFO [org.hibernate.dialect.Dialect: 175] HHH000400: Using dialect: org.hibernate.dialect.PostgreSQL10Dialect
[2024-05-30 15:59:36,835] INFO [org.hibernate.envers.boot.internal.EnversServiceImpl: 88] Envers integration enabled? : true
[2024-05-30 15:59:38,191] INFO [org.hibernate.orm.connections.access: 48] HHH10001501: Connection obtained from JdbcConnectionAccess [org.hibernate.engine.jdbc.env.internal.JdbcEnvironmentInitiator$ConnectionProviderJdbcConnectionAccess@4966bab1] for (non-JTA) DDL execution was not in auto-commit mode; the Connection 'local transaction' will be committed and the Connection will be set into auto-commit mode.
[2024-05-30 15:59:38,218] WARN [org.hibernate.engine.jdbc.spi.SqlExceptionHelper: 230] SQL Warning Code: 0, SQLState: 00000
[2024-05-30 15:59:38,219] WARN [org.hibernate.engine.jdbc.spi.SqlExceptionHelper: 231] удаление распространяется на объект ограничение fkb2u6muqxjvdfbib5u91afawcy в отношении таблица payment
[2024-05-30 15:59:38,222] WARN [org.hibernate.engine.jdbc.spi.SqlExceptionHelper: 230] SQL Warning Code: 0, SQLState: 00000
[2024-05-30 15:59:38,223] WARN [org.hibernate.engine.jdbc.spi.SqlExceptionHelper: 231] ограничение "fkb2u6muqxjvdfbib5u91afawcy" в таблице "payment" не существует, пропускается
[2024-05-30 15:59:38,236] INFO [org.hibernate.orm.connections.access: 48] HHH10001501: Connection obtained from JdbcConnectionAccess [org.hibernate.engine.jdbc.env.internal.JdbcEnvironmentInitiator$ConnectionProviderJdbcConnectionAccess@11a3a45f] for (non-JTA) DDL execution was not in auto-commit mode; the Connection 'local transaction' will be committed and the Connection will be set into auto-commit mode.
[2024-05-30 15:59:38,357] INFO [org.hibernate.engine.transaction.jta.platform.internal.JtaPlatformInitiator: 52] HHH000490: Using JtaPlatform implementation: [org.hibernate.engine.transaction.jta.platform.internal.NoJtaPlatform]
[2024-05-30 16:00:03,132] INFO [org.hibernate.orm.connections.pooling: 502] HHH10001008: Cleaning up connection pool [jdbc:postgresql://localhost:5432/postgres]
